✅ a-semi-live-stream-through-my-hyper-v-lab.md: updating thumbnail
    OLD: thumbnail: http://images.squarespace-cdn.com/content/v1/5dd365a31aa1fd743bc30b8e/1692653279858-26LQR1HQ7PN8JQGO0M5B/image-asset.jpeg/img.jpg
    NEW: thumbnail: https://getrubixsitecms.blob.core.windows.net/public-assets/content/v1/thumbnails/a-semi-live-stream-through-my-hyper-v-lab_thumbnail.jpg
✅ administrator-privileges-on-azure-ad-joined-machines-4lFva.md: updating thumbnail
    OLD: thumbnail: http://images.squarespace-cdn.com/content/v1/5dd365a31aa1fd743bc30b8e/1594863946898-4JIEZG2O37G32FTRX7XC/image-asset.jpeg/img.jpg
    NEW: thumbnail: https://getrubixsitecms.blob.core.windows.net/public-assets/content/v1/thumbnails/administrator-privileges-on-azure-ad-joined-machines-4lFva_thumbnail.jpg
✅ admx-in-intune-a-year-or-two-later-part-i.md: updating thumbnail
    OLD: thumbnail: http://images.squarespace-cdn.com/content/v1/5dd365a31aa1fd743bc30b8e/1608825614148-BMHE3D5VTE9XY0TVGR5Z/image-asset.jpeg/img.jpg
    NEW: thumbnail: https://getrubixsitecms.blob.core.windows.net/public-assets/content/v1/thumbnails/admx-in-intune-a-year-or-two-later-part-i_thumbnail.jpg
✅ advanced-intune-device-query-joining-across-categories.md: updating thumbnail
    OLD: thumbnail: http://images.squarespace-cdn.com/content/v1/5dd365a31aa1fd743bc30b8e/1742308091842-MTEME0V3QK8PZXDYRMTH/deviceQuery.png
    NEW: thumbnail: https://getrubixsitecms.blob.core.windows.net/public-assets/content/v1/thumbnails/advanced-intune-device-query-joining-across-categories_thumbnail.jpg
✅ an-old-mdm-setting-rudRT.md: updating thumbnail
    OLD: thumbnail: http://images.squarespace-cdn.com/content/v1/5dd365a31aa1fd743bc30b8e/1714680252697-TRE1U3HCSLBZ6D6UKBCE/obiwan.png
    NEW: thumbnail: https://getrubixsitecms.blob.core.windows.net/public-assets/content/v1/thumbnails/an-old-mdm-setting-rudRT_thumbnail.jpg
✅ app-answers-yes-intune-can-do-it.md: updating thumbnail
    OLD: thumbnail: http://images.squarespace-cdn.com/content/v1/5dd365a31aa1fd743bc30b8e/1581036716148-69OT7Y8LURQ7C5KVXEMK/image-asset.jpeg/img.jpg
    NEW: thumbnail: https://getrubixsitecms.blob.core.windows.net/public-assets/content/v1/thumbnails/app-answers-yes-intune-can-do-it_thumbnail.jpg
✅ automatic-enrollment-dont-be-afraid.md: updating thumbnail
    OLD: thumbnail: http://images.squarespace-cdn.com/content/v1/5dd365a31aa1fd743bc30b8e/1585234600428-B0XUBOR1Y0PFY9UHSTOR/image-asset.jpeg/img.jpg
    NEW: thumbnail: https://getrubixsitecms.blob.core.windows.net/public-assets/content/v1/thumbnails/automatic-enrollment-dont-be-afraid_thumbnail.jpg
✅ autopilot-device-preparation-part1.md: updating thumbnail
    OLD: thumbnail: http://images.squarespace-cdn.com/content/v1/5dd365a31aa1fd743bc30b8e/1717895317137-IOJQSP9LOSPCIUYH9ZMG/pilot.png
    NEW: thumbnail: https://getrubixsitecms.blob.core.windows.net/public-assets/content/v1/thumbnails/autopilot-device-preparation-part1_thumbnail.jpg
✅ autopilot-for-existing-devices-have-patience.md: updating thumbnail
    OLD: thumbnail: http://images.squarespace-cdn.com/content/v1/5dd365a31aa1fd743bc30b8e/1582513202288-CXSBAOUYTPBMPWEMC3DU/image-asset.jpeg/img.jpg
    NEW: thumbnail: https://getrubixsitecms.blob.core.windows.net/public-assets/content/v1/thumbnails/autopilot-for-existing-devices-have-patience_thumbnail.jpg
✅ autopilot-for-hybrid-join-a-somewhat-visual-guide.md: updating thumbnail
    OLD: thumbnail: http://images.squarespace-cdn.com/content/v1/5dd365a31aa1fd743bc30b8e/1581105865989-ZFHBQUU97ETTG0HHFLNE/image-asset.jpeg/img.jpg
    NEW: thumbnail: https://getrubixsitecms.blob.core.windows.net/public-assets/content/v1/thumbnails/autopilot-for-hybrid-join-a-somewhat-visual-guide_thumbnail.jpg
✅ autopilot-group-tags-1.md: updating thumbnail
    OLD: thumbnail: http://images.squarespace-cdn.com/content/v1/5dd365a31aa1fd743bc30b8e/1647025447270-RLXUIBG3VYJVR9KVREBE/unsplash-image-_XlhZVsKykw.jpg
    NEW: thumbnail: https://getrubixsitecms.blob.core.windows.net/public-assets/content/v1/thumbnails/autopilot-group-tags-1_thumbnail.jpg
✅ autopilot-group-tags-part-2.md: updating thumbnail
    OLD: thumbnail: http://images.squarespace-cdn.com/content/v1/5dd365a31aa1fd743bc30b8e/1647122431594-PXIQ2MVAIS4900KXJO9T/unsplash-image-rKYRJu0n06Y.jpg
    NEW: thumbnail: https://getrubixsitecms.blob.core.windows.net/public-assets/content/v1/thumbnails/autopilot-group-tags-part-2_thumbnail.jpg
✅ autopilot-group-tags-part-3.md: updating thumbnail
    OLD: thumbnail: http://images.squarespace-cdn.com/content/v1/5dd365a31aa1fd743bc30b8e/1647280446405-O8I373L2LS4UZ8TPQF64/unsplash-image-566CgCRSNCk.jpg
    NEW: thumbnail: https://getrubixsitecms.blob.core.windows.net/public-assets/content/v1/thumbnails/autopilot-group-tags-part-3_thumbnail.jpg
✅ autopilot-group-tags-part-4.md: updating thumbnail
    OLD: thumbnail: http://images.squarespace-cdn.com/content/v1/5dd365a31aa1fd743bc30b8e/1647306407660-079WQO170YVDMBCKTF38/unsplash-image-WCID2JWoxwE.jpg
    NEW: thumbnail: https://getrubixsitecms.blob.core.windows.net/public-assets/content/v1/thumbnails/autopilot-group-tags-part-4_thumbnail.jpg
✅ autopilot-group-tags-part-5.md: updating thumbnail
    OLD: thumbnail: http://images.squarespace-cdn.com/content/v1/5dd365a31aa1fd743bc30b8e/1647375489765-LE4G2MKDQ9PWUWHCK7X1/unsplash-image-4JL_VAgxwcU.jpg
    NEW: thumbnail: https://getrubixsitecms.blob.core.windows.net/public-assets/content/v1/thumbnails/autopilot-group-tags-part-5_thumbnail.jpg
✅ autopilot-group-tags.md: updating thumbnail
    OLD: thumbnail: http://images.squarespace-cdn.com/content/v1/5dd365a31aa1fd743bc30b8e/1581090245033-NC8XWEG00IO1BKUDDQWT/image-asset.jpeg/img.jpg
    NEW: thumbnail: https://getrubixsitecms.blob.core.windows.net/public-assets/content/v1/thumbnails/autopilot-group-tags_thumbnail.jpg
✅ autopilot-shortcut.md: updating thumbnail
    OLD: thumbnail: http://images.squarespace-cdn.com/content/v1/5dd365a31aa1fd743bc30b8e/1583338172870-HCUH3O9LFGGXVGNTKSE8/image-asset.jpeg/img.jpg
    NEW: thumbnail: https://getrubixsitecms.blob.core.windows.net/public-assets/content/v1/thumbnails/autopilot-shortcut_thumbnail.jpg
✅ autopilot-white-glove-what-happens-between-hitting-the-windows-key-5-times-and-getting-to-a-hopefully-green-screen.md: updating thumbnail
    OLD: thumbnail: http://images.squarespace-cdn.com/content/v1/5dd365a31aa1fd743bc30b8e/1598408342622-2HYWS3K9WL65N991G4PI/image-asset.jpeg/img.jpg
    NEW: thumbnail: https://getrubixsitecms.blob.core.windows.net/public-assets/content/v1/thumbnails/autopilot-white-glove-what-happens-between-hitting-the-windows-key-5-times-and-getting-to-a-hopefully-green-screen_thumbnail.jpg
✅ backtracking-on-rbac-73bYS.md: updating thumbnail
    OLD: thumbnail: http://images.squarespace-cdn.com/content/v1/5dd365a31aa1fd743bc30b8e/1725650851158-BO98YYLUCXTU48UGTE2X/futureJogging.jpeg
    NEW: thumbnail: https://getrubixsitecms.blob.core.windows.net/public-assets/content/v1/thumbnails/backtracking-on-rbac-73bYS_thumbnail.jpg
✅ be-gone-chat.md: updating thumbnail
    OLD: thumbnail: http://images.squarespace-cdn.com/content/v1/5dd365a31aa1fd743bc30b8e/1656332961973-77MD74JRCYSAWG8000NH/unsplash-image-mZNRsYE9Qi4.jpg
    NEW: thumbnail: https://getrubixsitecms.blob.core.windows.net/public-assets/content/v1/thumbnails/be-gone-chat_thumbnail.jpg
✅ bootstrap-the-classic-away-a415x.md: updating thumbnail
    OLD: thumbnail: http://images.squarespace-cdn.com/content/v1/5dd365a31aa1fd743bc30b8e/1726771108746-5GX3G4GIFTOYSJ8F7696/noTeams.jpeg
    NEW: thumbnail: https://getrubixsitecms.blob.core.windows.net/public-assets/content/v1/thumbnails/bootstrap-the-classic-away-a415x_thumbnail.jpg
✅ chip-shortage-no-problem-windows-365-endpoint-manager.md: updating thumbnail
    OLD: thumbnail: http://images.squarespace-cdn.com/content/v1/5dd365a31aa1fd743bc30b8e/1630604364652-TUF5S54W2QB6OGYW1O98/unsplash-image-G9js7s793k4.jpg
    NEW: thumbnail: https://getrubixsitecms.blob.core.windows.net/public-assets/content/v1/thumbnails/chip-shortage-no-problem-windows-365-endpoint-manager_thumbnail.jpg
✅ complex-dlp-rule-design-is-wellcomplex.md: updating thumbnail
    OLD: thumbnail: http://images.squarespace-cdn.com/content/v1/5dd365a31aa1fd743bc30b8e/1739359675527-64H58KBJAOINMC9WR8OR/dlp.jpeg
    NEW: thumbnail: https://getrubixsitecms.blob.core.windows.net/public-assets/content/v1/thumbnails/complex-dlp-rule-design-is-wellcomplex_thumbnail.jpg
✅ covid-co-management-crisis-part-2-cloud-management-gateway.md: updating thumbnail
    OLD: thumbnail: http://images.squarespace-cdn.com/content/v1/5dd365a31aa1fd743bc30b8e/1598966774790-98OQHIJCSW703HBGPW72/image-asset.jpeg/img.jpg
    NEW: thumbnail: https://getrubixsitecms.blob.core.windows.net/public-assets/content/v1/thumbnails/covid-co-management-crisis-part-2-cloud-management-gateway_thumbnail.jpg
✅ covid-co-management-crisis-part-3-set-it-up.md: updating thumbnail
    OLD: thumbnail: http://images.squarespace-cdn.com/content/v1/5dd365a31aa1fd743bc30b8e/1599501256551-0D5VYGDJX66Y3DHEYCCA/image-asset.jpeg/img.jpg
    NEW: thumbnail: https://getrubixsitecms.blob.core.windows.net/public-assets/content/v1/thumbnails/covid-co-management-crisis-part-3-set-it-up_thumbnail.jpg
✅ covid-co-management-crisis.md: updating thumbnail
    OLD: thumbnail: http://images.squarespace-cdn.com/content/v1/5dd365a31aa1fd743bc30b8e/1586873132620-V48DMITAXISWCM9UYPTZ/image-asset.jpeg/img.jpg
    NEW: thumbnail: https://getrubixsitecms.blob.core.windows.net/public-assets/content/v1/thumbnails/covid-co-management-crisis_thumbnail.jpg
✅ custom-intune-reporting-PVN2O.md: updating thumbnail
    OLD: thumbnail: http://images.squarespace-cdn.com/content/v1/5dd365a31aa1fd743bc30b8e/1705694293364-MR5CEP4PG70XJ56L7CN3/image-asset.jpeg/img.jpg
    NEW: thumbnail: https://getrubixsitecms.blob.core.windows.net/public-assets/content/v1/thumbnails/custom-intune-reporting-PVN2O_thumbnail.jpg
✅ delivery-optimization-just-stick-to-the-template-H4F8F.md: updating thumbnail
    OLD: thumbnail: http://images.squarespace-cdn.com/content/v1/5dd365a31aa1fd743bc30b8e/1706897218319-2RZARFCMM9T5VKUR4SFZ/image-asset.jpeg/img.jpg
    NEW: thumbnail: https://getrubixsitecms.blob.core.windows.net/public-assets/content/v1/thumbnails/delivery-optimization-just-stick-to-the-template-H4F8F_thumbnail.jpg
✅ deploy-individual-printers-with-intune-DJgBi.md: updating thumbnail
    OLD: thumbnail: http://images.squarespace-cdn.com/content/v1/5dd365a31aa1fd743bc30b8e/1581105481469-59BU2NZLB3HHTHE4UCBE/image-asset.jpeg/img.jpg
    NEW: thumbnail: https://getrubixsitecms.blob.core.windows.net/public-assets/content/v1/thumbnails/deploy-individual-printers-with-intune-DJgBi_thumbnail.jpg
✅ dynamic-groups-for-co-managed-devices.md: updating thumbnail
    OLD: thumbnail: http://images.squarespace-cdn.com/content/v1/5dd365a31aa1fd743bc30b8e/1586748659379-UF4JXLFIWQZ0DJWKQAZ6/image-asset.jpeg/img.jpg
    NEW: thumbnail: https://getrubixsitecms.blob.core.windows.net/public-assets/content/v1/thumbnails/dynamic-groups-for-co-managed-devices_thumbnail.jpg
✅ elevate-with-windows-11.md: updating thumbnail
    OLD: thumbnail: http://images.squarespace-cdn.com/content/v1/5dd365a31aa1fd743bc30b8e/1683551178914-EANV0K4VZTR4RWVNMMU2/unsplash-image-Y-GnrESsjr0.jpg
    NEW: thumbnail: https://getrubixsitecms.blob.core.windows.net/public-assets/content/v1/thumbnails/elevate-with-windows-11_thumbnail.jpg
✅ entra-password-protection-smarter-security-fewer-pop-tarts.md: updating thumbnail
    OLD: thumbnail: http://images.squarespace-cdn.com/content/v1/5dd365a31aa1fd743bc30b8e/1738675736371-4YFG27VIF60HF58FZABZ/unsplash-image-KXOXVJxFAmg.jpg
    NEW: thumbnail: https://getrubixsitecms.blob.core.windows.net/public-assets/content/v1/thumbnails/entra-password-protection-smarter-security-fewer-pop-tarts_thumbnail.jpg
✅ exploring-microsoft-entra-private-access-part-2.md: updating thumbnail
    OLD: thumbnail: http://images.squarespace-cdn.com/content/v1/5dd365a31aa1fd743bc30b8e/1737404546350-LRXZWMDVXFSOMJQRMZVQ/Electric_Digital_Globe_Entra_Access_Blog.jpg
    NEW: thumbnail: https://getrubixsitecms.blob.core.windows.net/public-assets/content/v1/thumbnails/exploring-microsoft-entra-private-access-part-2_thumbnail.jpg
✅ exploring-microsoft-entra-private-access.md: updating thumbnail
    OLD: thumbnail: http://images.squarespace-cdn.com/content/v1/5dd365a31aa1fd743bc30b8e/1737042453223-6I84ZGKHLYLFYIAR5EV7/unsplash-image-nGoCBxiaRO0.jpg
    NEW: thumbnail: https://getrubixsitecms.blob.core.windows.net/public-assets/content/v1/thumbnails/exploring-microsoft-entra-private-access_thumbnail.jpg
✅ exposing-esp-failures-with-the-microsoft-graph.md: updating thumbnail
    OLD: thumbnail: http://images.squarespace-cdn.com/content/v1/5dd365a31aa1fd743bc30b8e/1581106189983-1GFZSPFZZCR6EM5N4KR1/image-asset.jpeg/img.jpg
    NEW: thumbnail: https://getrubixsitecms.blob.core.windows.net/public-assets/content/v1/thumbnails/exposing-esp-failures-with-the-microsoft-graph_thumbnail.jpg
✅ false-positives-and-where-to-find-them.md: updating thumbnail
    OLD: thumbnail: http://images.squarespace-cdn.com/content/v1/5dd365a31aa1fd743bc30b8e/1739536831728-FMBLD4OYRSMSEE5LLAR9/blog8.jpg
    NEW: thumbnail: https://getrubixsitecms.blob.core.windows.net/public-assets/content/v1/thumbnails/false-positives-and-where-to-find-them_thumbnail.jpg
✅ get-your-apps.md: updating thumbnail
    OLD: thumbnail: http://images.squarespace-cdn.com/content/v1/5dd365a31aa1fd743bc30b8e/1621278444852-UJOZ1CCD36E6ABYTBSCO/unsplash-image-djDQKdjdYss.jpg
    NEW: thumbnail: https://getrubixsitecms.blob.core.windows.net/public-assets/content/v1/thumbnails/get-your-apps_thumbnail.jpg
✅ getting-started-with-intune-part-1-where-are-you-today.md: updating thumbnail
    OLD: thumbnail: http://images.squarespace-cdn.com/content/v1/5dd365a31aa1fd743bc30b8e/1730036395134-X8XWFSIZSR6NE81M3PI1/flight.jpeg
    NEW: thumbnail: https://getrubixsitecms.blob.core.windows.net/public-assets/content/v1/thumbnails/getting-started-with-intune-part-1-where-are-you-today_thumbnail.jpg
✅ getting-started-with-intune-part-2-dont-build-for-the-fringe.md: updating thumbnail
    OLD: thumbnail: http://images.squarespace-cdn.com/content/v1/5dd365a31aa1fd743bc30b8e/1730222119536-GI3XDOJN3Z9Y14MB0ZIO/getting_started2.jpeg
    NEW: thumbnail: https://getrubixsitecms.blob.core.windows.net/public-assets/content/v1/thumbnails/getting-started-with-intune-part-2-dont-build-for-the-fringe_thumbnail.jpg
✅ getting-started-with-intune-part-3-the-phases.md: updating thumbnail
    OLD: thumbnail: http://images.squarespace-cdn.com/content/v1/5dd365a31aa1fd743bc30b8e/1730314692431-NIZT59ZNIR0WEJ73298I/getting_started_part3.jpeg
    NEW: thumbnail: https://getrubixsitecms.blob.core.windows.net/public-assets/content/v1/thumbnails/getting-started-with-intune-part-3-the-phases_thumbnail.jpg
✅ getting-started-with-intune-part-4-dont-bring-your-garbage-to-the-cloud.md: updating thumbnail
    OLD: thumbnail: http://images.squarespace-cdn.com/content/v1/5dd365a31aa1fd743bc30b8e/1730778371673-4Y4DKA0702MZTE1OD1TF/dumpster.jpeg
    NEW: thumbnail: https://getrubixsitecms.blob.core.windows.net/public-assets/content/v1/thumbnails/getting-started-with-intune-part-4-dont-bring-your-garbage-to-the-cloud_thumbnail.jpg
✅ getting-started-with-intune-part-5-two-paths.md: updating thumbnail
    OLD: thumbnail: http://images.squarespace-cdn.com/content/v1/5dd365a31aa1fd743bc30b8e/1730990778030-KZM6P0XPOC42NO4Y7I0O/twoPaths.png
    NEW: thumbnail: https://getrubixsitecms.blob.core.windows.net/public-assets/content/v1/thumbnails/getting-started-with-intune-part-5-two-paths_thumbnail.jpg
✅ getting-started-with-intune-part-6-the-apps.md: updating thumbnail
    OLD: thumbnail: http://images.squarespace-cdn.com/content/v1/5dd365a31aa1fd743bc30b8e/1731074590309-PEXA5KEQG9UPQ9CVAAUV/apps.png
    NEW: thumbnail: https://getrubixsitecms.blob.core.windows.net/public-assets/content/v1/thumbnails/getting-started-with-intune-part-6-the-apps_thumbnail.jpg
✅ getting-started-with-intune-part-7-update-rings-bandwidth-savings-and-the-road-to-windows-11.md: updating thumbnail
    OLD: thumbnail: http://images.squarespace-cdn.com/content/v1/5dd365a31aa1fd743bc30b8e/1731448438100-10AJ2NHFUA121CP54SDD/part6-4.png
    NEW: thumbnail: https://getrubixsitecms.blob.core.windows.net/public-assets/content/v1/thumbnails/getting-started-with-intune-part-7-update-rings-bandwidth-savings-and-the-road-to-windows-11_thumbnail.jpg
✅ getting-started-with-intune-part-8-your-new-management-world.md: updating thumbnail
    OLD: thumbnail: http://images.squarespace-cdn.com/content/v1/5dd365a31aa1fd743bc30b8e/1731533648743-PHPHLQ0248NOU8AXGEB2/finish.png
    NEW: thumbnail: https://getrubixsitecms.blob.core.windows.net/public-assets/content/v1/thumbnails/getting-started-with-intune-part-8-your-new-management-world_thumbnail.jpg
✅ getting-started-with-multi-device-query.md: updating thumbnail
    OLD: thumbnail: http://images.squarespace-cdn.com/content/v1/5dd365a31aa1fd743bc30b8e/1740264002576-G41V0BZINV6GH143B04L/query.png
    NEW: thumbnail: https://getrubixsitecms.blob.core.windows.net/public-assets/content/v1/thumbnails/getting-started-with-multi-device-query_thumbnail.jpg
✅ goodbye-vpn-part-1-this-is-private.md: updating thumbnail
    OLD: thumbnail: http://images.squarespace-cdn.com/content/v1/5dd365a31aa1fd743bc30b8e/1716866262334-JKPZ0WBC3N3G6I418I2N/privateAccess1.png
    NEW: thumbnail: https://getrubixsitecms.blob.core.windows.net/public-assets/content/v1/thumbnails/goodbye-vpn-part-1-this-is-private_thumbnail.jpg
✅ goodbye-vpn-part-2-the-public-access-user-experience.md: updating thumbnail
    OLD: thumbnail: http://images.squarespace-cdn.com/content/v1/5dd365a31aa1fd743bc30b8e/1717369666660-GALTEY5R41HZT2F5GT0M/movieSet.jpeg
    NEW: thumbnail: https://getrubixsitecms.blob.core.windows.net/public-assets/content/v1/thumbnails/goodbye-vpn-part-2-the-public-access-user-experience_thumbnail.jpg
✅ group-policy-migration-v2.md: updating thumbnail
    OLD: thumbnail: http://images.squarespace-cdn.com/content/v1/5dd365a31aa1fd743bc30b8e/1648692752856-9PP3YKXCP0EWFJDWIIRZ/unsplash-image-cxoR55-bels.jpg
    NEW: thumbnail: https://getrubixsitecms.blob.core.windows.net/public-assets/content/v1/thumbnails/group-policy-migration-v2_thumbnail.jpg
✅ group-policy-to-intune-migration.md: updating thumbnail
    OLD: thumbnail: http://images.squarespace-cdn.com/content/v1/5dd365a31aa1fd743bc30b8e/1648237407261-ZTLDB89K7M4OYFTAWHH7/unsplash-image--87JyMb9ZfU.jpg
    NEW: thumbnail: https://getrubixsitecms.blob.core.windows.net/public-assets/content/v1/thumbnails/group-policy-to-intune-migration_thumbnail.jpg
✅ group-tags-live.md: updating thumbnail
    OLD: thumbnail: http://images.squarespace-cdn.com/content/v1/5dd365a31aa1fd743bc30b8e/1581090747958-SRD303CF0KUFXZ6SDA89/image-asset.jpeg/img.jpg
    NEW: thumbnail: https://getrubixsitecms.blob.core.windows.net/public-assets/content/v1/thumbnails/group-tags-live_thumbnail.jpg
✅ group-tags-part-3.md: updating thumbnail
    OLD: thumbnail: http://images.squarespace-cdn.com/content/v1/5dd365a31aa1fd743bc30b8e/1581091221601-E11WWJVL37FGH9V2JN0I/image-asset.jpeg/img.jpg
    NEW: thumbnail: https://getrubixsitecms.blob.core.windows.net/public-assets/content/v1/thumbnails/group-tags-part-3_thumbnail.jpg
✅ home-office-and-geek-cave-tour.md: updating thumbnail
    OLD: thumbnail: http://images.squarespace-cdn.com/content/v1/5dd365a31aa1fd743bc30b8e/1621027910724-XCKQXB6UITZO77HL58ZL/20210514_125433.jpg
    NEW: thumbnail: https://getrubixsitecms.blob.core.windows.net/public-assets/content/v1/thumbnails/home-office-and-geek-cave-tour_thumbnail.jpg
✅ how-to-bulk-update-autopilot-group-tags.md: updating thumbnail
    OLD: thumbnail: http://images.squarespace-cdn.com/content/v1/5dd365a31aa1fd743bc30b8e/1712445167721-ZD3NFD1B5SP0JNRDXILH/PXL_20240406_223019694.jpg
    NEW: thumbnail: https://getrubixsitecms.blob.core.windows.net/public-assets/content/v1/thumbnails/how-to-bulk-update-autopilot-group-tags_thumbnail.jpg
✅ how-to-configure-autopilot-device-preparation-part-2-user-experience.md: updating thumbnail
    OLD: thumbnail: http://images.squarespace-cdn.com/content/v1/5dd365a31aa1fd743bc30b8e/1718131834035-HAQK9T8APBBFBJTB5ZCV/food.jpeg
    NEW: thumbnail: https://getrubixsitecms.blob.core.windows.net/public-assets/content/v1/thumbnails/how-to-configure-autopilot-device-preparation-part-2-user-experience_thumbnail.jpg
✅ how-to-configure-autopilot-device-preparation-part-3-the-new-flow.md: updating thumbnail
    OLD: thumbnail: http://images.squarespace-cdn.com/content/v1/5dd365a31aa1fd743bc30b8e/1718293996750-FG7G4X65MKAZEZKXNSX7/lost.jpeg
    NEW: thumbnail: https://getrubixsitecms.blob.core.windows.net/public-assets/content/v1/thumbnails/how-to-configure-autopilot-device-preparation-part-3-the-new-flow_thumbnail.jpg
✅ how-to-connect-robopack-to-intune.md: updating thumbnail
    OLD: thumbnail: http://images.squarespace-cdn.com/content/v1/5dd365a31aa1fd743bc30b8e/1739028310433-88HFLEBK4B5QLD09SJNZ/robopack2.png
    NEW: thumbnail: https://getrubixsitecms.blob.core.windows.net/public-assets/content/v1/thumbnails/how-to-connect-robopack-to-intune_thumbnail.jpg
✅ how-to-deploy-scheduled-tasks-with-intune.md: updating thumbnail
    OLD: thumbnail: http://images.squarespace-cdn.com/content/v1/5dd365a31aa1fd743bc30b8e/1732570288635-CFQ9UK7K0AADW0AKFLHI/tasks.jpeg
    NEW: thumbnail: https://getrubixsitecms.blob.core.windows.net/public-assets/content/v1/thumbnails/how-to-deploy-scheduled-tasks-with-intune_thumbnail.jpg
✅ hyped-up-hyper-v.md: updating thumbnail
    OLD: thumbnail: http://images.squarespace-cdn.com/content/v1/5dd365a31aa1fd743bc30b8e/1605584390170-9ARQ5OQXBLJG77Z4VWLT/image-asset.jpeg/img.jpg
    NEW: thumbnail: https://getrubixsitecms.blob.core.windows.net/public-assets/content/v1/thumbnails/hyped-up-hyper-v_thumbnail.jpg
✅ im-hybrid-joined-now-what.md: updating thumbnail
    OLD: thumbnail: http://images.squarespace-cdn.com/content/v1/5dd365a31aa1fd743bc30b8e/1581106436872-O6HSTS5BSPSP62K1Y7NG/image-asset.jpeg/img.jpg
    NEW: thumbnail: https://getrubixsitecms.blob.core.windows.net/public-assets/content/v1/thumbnails/im-hybrid-joined-now-what_thumbnail.jpg
✅ intune-and-package-managers-part-1-chocolatey.md: updating thumbnail
    OLD: thumbnail: http://images.squarespace-cdn.com/content/v1/5dd365a31aa1fd743bc30b8e/1595474133083-3FWXLH15VKPG5VPI7XUX/image-asset.jpeg/img.jpg
    NEW: thumbnail: https://getrubixsitecms.blob.core.windows.net/public-assets/content/v1/thumbnails/intune-and-package-managers-part-1-chocolatey_thumbnail.jpg
✅ intune-and-package-managers-part-2-winget.md: updating thumbnail
    OLD: thumbnail: http://images.squarespace-cdn.com/content/v1/5dd365a31aa1fd743bc30b8e/1595614820689-XYOAJ25VEYCXXKPNRPMA/image-asset.jpeg/img.jpg
    NEW: thumbnail: https://getrubixsitecms.blob.core.windows.net/public-assets/content/v1/thumbnails/intune-and-package-managers-part-2-winget_thumbnail.jpg
✅ intune-app-testing-and-time-travel.md: updating thumbnail
    OLD: thumbnail: http://images.squarespace-cdn.com/content/v1/5dd365a31aa1fd743bc30b8e/1608756659589-4J74A0BBWBQFO34B4LOL/image-asset.jpeg/img.jpg
    NEW: thumbnail: https://getrubixsitecms.blob.core.windows.net/public-assets/content/v1/thumbnails/intune-app-testing-and-time-travel_thumbnail.jpg
✅ intune-management-extension-notifications-keep-them-on-fzGXv.md: updating thumbnail
    OLD: thumbnail: http://images.squarespace-cdn.com/content/v1/5dd365a31aa1fd743bc30b8e/1709657312780-NYKCZWRZFC3UDXTYDW37/image-asset.jpeg/img.jpg
    NEW: thumbnail: https://getrubixsitecms.blob.core.windows.net/public-assets/content/v1/thumbnails/intune-management-extension-notifications-keep-them-on-fzGXv_thumbnail.jpg
✅ intune-migration-watch-it-on-youtube.md: updating thumbnail
    OLD: thumbnail: http://images.squarespace-cdn.com/content/v1/5dd365a31aa1fd743bc30b8e/1694441801816-GSUP20UM4YXD1IEO2XU6/image-asset.jpeg/img.jpg
    NEW: thumbnail: https://getrubixsitecms.blob.core.windows.net/public-assets/content/v1/thumbnails/intune-migration-watch-it-on-youtube_thumbnail.jpg
✅ kioskuser0-and-the-orange-dot-1rdM5.md: updating thumbnail
    OLD: thumbnail: http://images.squarespace-cdn.com/content/v1/5dd365a31aa1fd743bc30b8e/1738014979535-J1K95N54RMW75AWIKF16/accountnotice1.jpg
    NEW: thumbnail: https://getrubixsitecms.blob.core.windows.net/public-assets/content/v1/thumbnails/kioskuser0-and-the-orange-dot-1rdM5_thumbnail.jpg
✅ lets-set-up-passkeys-the-easy-secure-way.md: updating thumbnail
    OLD: thumbnail: http://images.squarespace-cdn.com/content/v1/5dd365a31aa1fd743bc30b8e/1738087911635-7A0H38712VJDXDWL5EQN/unsplash-image--o90yRQoXAM.jpg
    NEW: thumbnail: https://getrubixsitecms.blob.core.windows.net/public-assets/content/v1/thumbnails/lets-set-up-passkeys-the-easy-secure-way_thumbnail.jpg
✅ leverage-robopack-patch-groups-to-manage-app-personas.md: updating thumbnail
    OLD: thumbnail: http://images.squarespace-cdn.com/content/v1/5dd365a31aa1fd743bc30b8e/1743110489494-HNE8NK2AJ5ZEEIZVDR2T/coffee.png
    NEW: thumbnail: https://getrubixsitecms.blob.core.windows.net/public-assets/content/v1/thumbnails/leverage-robopack-patch-groups-to-manage-app-personas_thumbnail.jpg
✅ looking-for-something-use-a-remediation-GXD0c.md: updating thumbnail
    OLD: thumbnail: http://images.squarespace-cdn.com/content/v1/5dd365a31aa1fd743bc30b8e/1711561677169-URR2FNVHWBFY1TAIP6MN/image-asset.jpeg/img.jpg
    NEW: thumbnail: https://getrubixsitecms.blob.core.windows.net/public-assets/content/v1/thumbnails/looking-for-something-use-a-remediation-GXD0c_thumbnail.jpg
✅ make-a-slick-start-menu-nRVNX.md: updating thumbnail
    OLD: thumbnail: http://images.squarespace-cdn.com/content/v1/5dd365a31aa1fd743bc30b8e/1598298189416-0ZBVQWAYQZ1WH1NOUCBK/image-asset.jpeg/img.jpg
    NEW: thumbnail: https://getrubixsitecms.blob.core.windows.net/public-assets/content/v1/thumbnails/make-a-slick-start-menu-nRVNX_thumbnail.jpg
✅ methods-of-madness.md: updating thumbnail
    OLD: thumbnail: http://images.squarespace-cdn.com/content/v1/5dd365a31aa1fd743bc30b8e/1734123788042-JOJ49DT47NG74W4QMFS5/train.png
    NEW: thumbnail: https://getrubixsitecms.blob.core.windows.net/public-assets/content/v1/thumbnails/methods-of-madness_thumbnail.jpg
✅ microsoft-graph-a-beginners-guide-to-apis-endpoints-and-urls.md: updating thumbnail
    OLD: thumbnail: http://images.squarespace-cdn.com/content/v1/5dd365a31aa1fd743bc30b8e/1733622896191-IDZ09CKX9ZVCPI7Q8TIV/graphGame.png
    NEW: thumbnail: https://getrubixsitecms.blob.core.windows.net/public-assets/content/v1/thumbnails/microsoft-graph-a-beginners-guide-to-apis-endpoints-and-urls_thumbnail.jpg
✅ microsoft-graph-and-powershell-part-1-modules-and-authentication.md: updating thumbnail
    OLD: thumbnail: http://images.squarespace-cdn.com/content/v1/5dd365a31aa1fd743bc30b8e/1656612209544-JMYJODVXAC8ZN6Q1OGCN/unsplash-image-JKUTrJ4vK00.jpg
    NEW: thumbnail: https://getrubixsitecms.blob.core.windows.net/public-assets/content/v1/thumbnails/microsoft-graph-and-powershell-part-1-modules-and-authentication_thumbnail.jpg
✅ multiple-enrollment-status-pages-a-psa.md: updating thumbnail
    OLD: thumbnail: http://images.squarespace-cdn.com/content/v1/5dd365a31aa1fd743bc30b8e/1595942567978-NPX33249PPC8X9DP208Q/image-asset.jpeg/img.jpg
    NEW: thumbnail: https://getrubixsitecms.blob.core.windows.net/public-assets/content/v1/thumbnails/multiple-enrollment-status-pages-a-psa_thumbnail.jpg
✅ my-six-days-at-mmsmoa.md: updating thumbnail
    OLD: thumbnail: http://images.squarespace-cdn.com/content/v1/5dd365a31aa1fd743bc30b8e/1746968180775-9NJRC3HFEBVZIYI0KVSL/MMS.jpg
    NEW: thumbnail: https://getrubixsitecms.blob.core.windows.net/public-assets/content/v1/thumbnails/my-six-days-at-mmsmoa_thumbnail.jpg
✅ ndes-and-scep-for-intune-part-1.md: updating thumbnail
    OLD: thumbnail: http://images.squarespace-cdn.com/content/v1/5dd365a31aa1fd743bc30b8e/1620679959162-8J1G0TONK51CF9H54A1W/unsplash-image-M5tzZtFCOfs.jpg
    NEW: thumbnail: https://getrubixsitecms.blob.core.windows.net/public-assets/content/v1/thumbnails/ndes-and-scep-for-intune-part-1_thumbnail.jpg
✅ ndes-and-scep-for-intune-part-2.md: updating thumbnail
    OLD: thumbnail: http://images.squarespace-cdn.com/content/v1/5dd365a31aa1fd743bc30b8e/1620700894913-GDMWNHKKVKBQYL4KN95U/unsplash-image-9wWX_jwDHeM.jpg
    NEW: thumbnail: https://getrubixsitecms.blob.core.windows.net/public-assets/content/v1/thumbnails/ndes-and-scep-for-intune-part-2_thumbnail.jpg
✅ ndes-and-scep-for-intune-part-3.md: updating thumbnail
    OLD: thumbnail: http://images.squarespace-cdn.com/content/v1/5dd365a31aa1fd743bc30b8e/1620764880182-YIKOJOE87XZ5BHYR48CG/unsplash-image-yLDabpoCL3s.jpg
    NEW: thumbnail: https://getrubixsitecms.blob.core.windows.net/public-assets/content/v1/thumbnails/ndes-and-scep-for-intune-part-3_thumbnail.jpg
✅ ndes-and-scep-for-intune-part-4.md: updating thumbnail
    OLD: thumbnail: http://images.squarespace-cdn.com/content/v1/5dd365a31aa1fd743bc30b8e/1620844934623-G0A3WC6NQQPI13MTHIZX/unsplash-image-eA2t5EvcxU4.jpg
    NEW: thumbnail: https://getrubixsitecms.blob.core.windows.net/public-assets/content/v1/thumbnails/ndes-and-scep-for-intune-part-4_thumbnail.jpg
✅ ninjas-cloud-pcs-and-security.md: updating thumbnail
    OLD: thumbnail: http://images.squarespace-cdn.com/content/v1/5dd365a31aa1fd743bc30b8e/1749781264699-J4VFWI6AGG54ITNX6QKP/ninja_steve.png
    NEW: thumbnail: https://getrubixsitecms.blob.core.windows.net/public-assets/content/v1/thumbnails/ninjas-cloud-pcs-and-security_thumbnail.jpg
✅ nothing-works.md: updating thumbnail
    OLD: thumbnail: http://images.squarespace-cdn.com/content/v1/5dd365a31aa1fd743bc30b8e/1695994682149-FBAQ4X1B5L8GFDZL6DI7/image-asset.jpeg/img.jpg
    NEW: thumbnail: https://getrubixsitecms.blob.core.windows.net/public-assets/content/v1/thumbnails/nothing-works_thumbnail.jpg
✅ now-you-see-it-now-you-dont-secure-access-with-entra-id-governance.md: updating thumbnail
    OLD: thumbnail: http://images.squarespace-cdn.com/content/v1/5dd365a31aa1fd743bc30b8e/1739153946137-DGA16D99VT1G5B0V54JY/unsplash-image-dttmeqFUDSU.jpg
    NEW: thumbnail: https://getrubixsitecms.blob.core.windows.net/public-assets/content/v1/thumbnails/now-you-see-it-now-you-dont-secure-access-with-entra-id-governance_thumbnail.jpg
✅ on-premise-access-from-azure-with-windows-hello-for-business.md: updating thumbnail
    OLD: thumbnail: http://images.squarespace-cdn.com/content/v1/5dd365a31aa1fd743bc30b8e/1581106589546-LB9ZBIQ35O6ML5VV7CJ5/image-asset.jpeg/img.jpg
    NEW: thumbnail: https://getrubixsitecms.blob.core.windows.net/public-assets/content/v1/thumbnails/on-premise-access-from-azure-with-windows-hello-for-business_thumbnail.jpg
✅ onedrive-are-you-there-its-me-mfa-8C50m.md: updating thumbnail
    OLD: thumbnail: http://images.squarespace-cdn.com/content/v1/5dd365a31aa1fd743bc30b8e/1717159659469-JJB28HPG60JFM0FEKFD5/oneDrive.jpeg
    NEW: thumbnail: https://getrubixsitecms.blob.core.windows.net/public-assets/content/v1/thumbnails/onedrive-are-you-there-its-me-mfa-8C50m_thumbnail.jpg
✅ patch-and-delete-for-the-holidays.md: updating thumbnail
    OLD: thumbnail: http://images.squarespace-cdn.com/content/v1/5dd365a31aa1fd743bc30b8e/1735072786250-JF9S0MINW5EY3XVCJSIZ/xmasBlog.jpg
    NEW: thumbnail: https://getrubixsitecms.blob.core.windows.net/public-assets/content/v1/thumbnails/patch-and-delete-for-the-holidays_thumbnail.jpg
✅ personal-devices-and-the-intune-management-extension-part-2-another-psa-op82L.md: updating thumbnail
    OLD: thumbnail: http://images.squarespace-cdn.com/content/v1/5dd365a31aa1fd743bc30b8e/1601670877134-LH39I7N5FT1NM0Z874TU/image-asset.jpeg/img.jpg
    NEW: thumbnail: https://getrubixsitecms.blob.core.windows.net/public-assets/content/v1/thumbnails/personal-devices-and-the-intune-management-extension-part-2-another-psa-op82L_thumbnail.jpg
✅ please-wait.md: updating thumbnail
    OLD: thumbnail: http://images.squarespace-cdn.com/content/v1/5dd365a31aa1fd743bc30b8e/1594787248200-3HSIGI770X09AA4Q796S/image-asset.jpeg/img.jpg
    NEW: thumbnail: https://getrubixsitecms.blob.core.windows.net/public-assets/content/v1/thumbnails/please-wait_thumbnail.jpg
✅ powershell-best-practices-for-intune-dont-fight-the-functions.md: updating thumbnail
    OLD: thumbnail: http://images.squarespace-cdn.com/content/v1/5dd365a31aa1fd743bc30b8e/1744385877496-QF9I007TCTN4QHC3YMZ0/stackSoldier.png
    NEW: thumbnail: https://getrubixsitecms.blob.core.windows.net/public-assets/content/v1/thumbnails/powershell-best-practices-for-intune-dont-fight-the-functions_thumbnail.jpg
✅ powershell-best-practices-for-intune-error-handling.md: updating thumbnail
    OLD: thumbnail: http://images.squarespace-cdn.com/content/v1/5dd365a31aa1fd743bc30b8e/1743794171034-BCXILX4E05CY5NG3P6A2/karate_steve.jpg
    NEW: thumbnail: https://getrubixsitecms.blob.core.windows.net/public-assets/content/v1/thumbnails/powershell-best-practices-for-intune-error-handling_thumbnail.jpg
✅ powershell-best-practices-for-intune-logging.md: updating thumbnail
    OLD: thumbnail: http://images.squarespace-cdn.com/content/v1/5dd365a31aa1fd743bc30b8e/1743432196129-L7Q9QBTJUFTDSUKWT828/logBlog.jpeg
    NEW: thumbnail: https://getrubixsitecms.blob.core.windows.net/public-assets/content/v1/thumbnails/powershell-best-practices-for-intune-logging_thumbnail.jpg
⚠️  print-servers-a-simple-on-demand-intunewin.md: old file not found
✅ put-app-patching-on-your-radar.md: updating thumbnail
    OLD: thumbnail: http://images.squarespace-cdn.com/content/v1/5dd365a31aa1fd743bc30b8e/1740776120665-M6M03L0RICTHPTNW7UGM/radar.png
    NEW: thumbnail: https://getrubixsitecms.blob.core.windows.net/public-assets/content/v1/thumbnails/put-app-patching-on-your-radar_thumbnail.jpg
✅ rolling-out-intune-security-baselines-without-causing-a-workplace-uprising.md: updating thumbnail
    OLD: thumbnail: http://images.squarespace-cdn.com/content/v1/5dd365a31aa1fd743bc30b8e/1739809620487-UU69KFLF2L7WHQEPUGA2/unsplash-image-zBTYRFCeaS0.jpg
    NEW: thumbnail: https://getrubixsitecms.blob.core.windows.net/public-assets/content/v1/thumbnails/rolling-out-intune-security-baselines-without-causing-a-workplace-uprising_thumbnail.jpg
✅ scripting-in-intune-2lwp4.md: updating thumbnail
    OLD: thumbnail: http://images.squarespace-cdn.com/content/v1/5dd365a31aa1fd743bc30b8e/1581104146473-V348IZBFA87N0OR6VTXU/image-asset.jpeg/img.jpg
    NEW: thumbnail: https://getrubixsitecms.blob.core.windows.net/public-assets/content/v1/thumbnails/scripting-in-intune-2lwp4_thumbnail.jpg
✅ slappin-the-baseline-UerOU.md: updating thumbnail
    OLD: thumbnail: http://images.squarespace-cdn.com/content/v1/5dd365a31aa1fd743bc30b8e/1737050319848-QWRRDJ5UEXKN3W9G2MBB/fishimage.png
    NEW: thumbnail: https://getrubixsitecms.blob.core.windows.net/public-assets/content/v1/thumbnails/slappin-the-baseline-UerOU_thumbnail.jpg
✅ smart-app-control-a-surprise-pain-qjHVN.md: updating thumbnail
    OLD: thumbnail: http://images.squarespace-cdn.com/content/v1/5dd365a31aa1fd743bc30b8e/1724166797719-ZNJTMLKWQ6APBUTUP7G0/farm.jpeg
    NEW: thumbnail: https://getrubixsitecms.blob.core.windows.net/public-assets/content/v1/thumbnails/smart-app-control-a-surprise-pain-qjHVN_thumbnail.jpg
✅ so-along-kiosk-desktop-icons.md: updating thumbnail
    OLD: thumbnail: http://images.squarespace-cdn.com/content/v1/5dd365a31aa1fd743bc30b8e/1736281247151-X2ZRNXEKNL0JDUGAZ7XS/unsplash-image-oPkaxHsFTaI.jpg
    NEW: thumbnail: https://getrubixsitecms.blob.core.windows.net/public-assets/content/v1/thumbnails/so-along-kiosk-desktop-icons_thumbnail.jpg
✅ some-answers-for-you.md: updating thumbnail
    OLD: thumbnail: http://images.squarespace-cdn.com/content/v1/5dd365a31aa1fd743bc30b8e/1581036967085-JTVJJ8BWIFSL0CTBM19H/image-asset.jpeg/img.jpg
    NEW: thumbnail: https://getrubixsitecms.blob.core.windows.net/public-assets/content/v1/thumbnails/some-answers-for-you_thumbnail.jpg
✅ surface-pro-x-and-teams-hu3hG.md: updating thumbnail
    OLD: thumbnail: http://images.squarespace-cdn.com/content/v1/5dd365a31aa1fd743bc30b8e/1581106519400-RVA8ADLU3KI8I72XBC3T/image-asset.jpeg/img.jpg
    NEW: thumbnail: https://getrubixsitecms.blob.core.windows.net/public-assets/content/v1/thumbnails/surface-pro-x-and-teams-hu3hG_thumbnail.jpg
✅ teams-known-folder-move-mess-4SVNr.md: updating thumbnail
    OLD: thumbnail: http://images.squarespace-cdn.com/content/v1/5dd365a31aa1fd743bc30b8e/1599235382452-QOXDBE5PC6RX1ETI7H7U/image-asset.jpeg/img.jpg
    NEW: thumbnail: https://getrubixsitecms.blob.core.windows.net/public-assets/content/v1/thumbnails/teams-known-folder-move-mess-4SVNr_thumbnail.jpg
✅ template.md: updating thumbnail
    OLD: thumbnail: https://getrubixsitecms.blob.core.windows.net/public-assets/content/v1/logo512.png
    NEW: thumbnail: https://getrubixsitecms.blob.core.windows.net/public-assets/content/v1/thumbnails/template_thumbnail.jpg
✅ tenant-to-tenant-intune-device-migration-part-1-the-orchestrator.md: updating thumbnail
    OLD: thumbnail: http://images.squarespace-cdn.com/content/v1/5dd365a31aa1fd743bc30b8e/1690400366340-BOKVVZJEM9Z1HAYJ83QO/image-asset.jpeg/img.jpg
    NEW: thumbnail: https://getrubixsitecms.blob.core.windows.net/public-assets/content/v1/thumbnails/tenant-to-tenant-intune-device-migration-part-1-the-orchestrator_thumbnail.jpg
✅ tenant-to-tenant-intune-device-migration-part-2-the-tasks-of-rebooting-and-restoring.md: updating thumbnail
    OLD: thumbnail: http://images.squarespace-cdn.com/content/v1/5dd365a31aa1fd743bc30b8e/1690558654122-7IO2PMQWG9PLQUW7VK1C/image-asset.jpeg/img.jpg
    NEW: thumbnail: https://getrubixsitecms.blob.core.windows.net/public-assets/content/v1/thumbnails/tenant-to-tenant-intune-device-migration-part-2-the-tasks-of-rebooting-and-restoring_thumbnail.jpg
✅ tenant-to-tenant-intune-device-migration-part-3-a-group-tag-without-autopilot.md: updating thumbnail
    OLD: thumbnail: http://images.squarespace-cdn.com/content/v1/5dd365a31aa1fd743bc30b8e/1690829907020-DORV2T6ZL7G569U3KXLC/image-asset.jpeg/img.jpg
    NEW: thumbnail: https://getrubixsitecms.blob.core.windows.net/public-assets/content/v1/thumbnails/tenant-to-tenant-intune-device-migration-part-3-a-group-tag-without-autopilot_thumbnail.jpg
✅ tenant-to-tenant-intune-device-migration-part-4-the-bulk-token.md: updating thumbnail
    OLD: thumbnail: http://images.squarespace-cdn.com/content/v1/5dd365a31aa1fd743bc30b8e/1690893939887-HXV972K334ST8D3S401W/image-asset.jpeg/img.jpg
    NEW: thumbnail: https://getrubixsitecms.blob.core.windows.net/public-assets/content/v1/thumbnails/tenant-to-tenant-intune-device-migration-part-4-the-bulk-token_thumbnail.jpg
✅ tenant-to-tenant-intune-device-migration-part-5-the-primary-user.md: updating thumbnail
    OLD: thumbnail: http://images.squarespace-cdn.com/content/v1/5dd365a31aa1fd743bc30b8e/1690924478236-UO2EOWMED3H3JFVLWA2E/image-asset.jpeg/img.jpg
    NEW: thumbnail: https://getrubixsitecms.blob.core.windows.net/public-assets/content/v1/thumbnails/tenant-to-tenant-intune-device-migration-part-5-the-primary-user_thumbnail.jpg
✅ tenant-to-tenant-intune-device-migration-part-6-the-last-tasks.md: updating thumbnail
    OLD: thumbnail: http://images.squarespace-cdn.com/content/v1/5dd365a31aa1fd743bc30b8e/1691000654777-TAHPKMVHWS5AOU916234/image-asset.jpeg/img.jpg
    NEW: thumbnail: https://getrubixsitecms.blob.core.windows.net/public-assets/content/v1/thumbnails/tenant-to-tenant-intune-device-migration-part-6-the-last-tasks_thumbnail.jpg
✅ tenant-to-tenant-intune-device-migration-part-7-go-time.md: updating thumbnail
    OLD: thumbnail: http://images.squarespace-cdn.com/content/v1/5dd365a31aa1fd743bc30b8e/1691432140087-90QVCETBYI04045GZCQC/image-asset.jpeg/img.jpg
    NEW: thumbnail: https://getrubixsitecms.blob.core.windows.net/public-assets/content/v1/thumbnails/tenant-to-tenant-intune-device-migration-part-7-go-time_thumbnail.jpg
✅ tenant-to-tenant-intune-device-migration-the-beginning-of-a-series.md: updating thumbnail
    OLD: thumbnail: http://images.squarespace-cdn.com/content/v1/5dd365a31aa1fd743bc30b8e/1689183644777-AM97KRGGGC2D5D2OLBW1/image-asset.jpeg/img.jpg
    NEW: thumbnail: https://getrubixsitecms.blob.core.windows.net/public-assets/content/v1/thumbnails/tenant-to-tenant-intune-device-migration-the-beginning-of-a-series_thumbnail.jpg
✅ the-truth-about-autopilot.md: updating thumbnail
    OLD: thumbnail: http://images.squarespace-cdn.com/content/v1/5dd365a31aa1fd743bc30b8e/1581036835470-ILPLWDIB3REUMLK2TDPD/image-asset.jpeg/img.jpg
    NEW: thumbnail: https://getrubixsitecms.blob.core.windows.net/public-assets/content/v1/thumbnails/the-truth-about-autopilot_thumbnail.jpg
✅ touching-the-current-user-registry-hive-with-intune.md: updating thumbnail
    OLD: thumbnail: http://images.squarespace-cdn.com/content/v1/5dd365a31aa1fd743bc30b8e/1732998362073-UUS2Z8U0AGU14FHI7ZBN/userRegContext.png
    NEW: thumbnail: https://getrubixsitecms.blob.core.windows.net/public-assets/content/v1/thumbnails/touching-the-current-user-registry-hive-with-intune_thumbnail.jpg
✅ troubleshooting-hardware-failure-h2Ea3.md: updating thumbnail
    OLD: thumbnail: http://images.squarespace-cdn.com/content/v1/5dd365a31aa1fd743bc30b8e/1612127944064-89M23K3XMB98FFQ1DEQW/image-asset.jpeg/img.jpg
    NEW: thumbnail: https://getrubixsitecms.blob.core.windows.net/public-assets/content/v1/thumbnails/troubleshooting-hardware-failure-h2Ea3_thumbnail.jpg
✅ troubleshooting-profile-failure-custom-policy-syntax-hWJU7.md: updating thumbnail
    OLD: thumbnail: http://images.squarespace-cdn.com/content/v1/5dd365a31aa1fd743bc30b8e/1612022612364-6FI57YX47U8TA8Z4JTCA/image-asset.jpeg/img.jpg
    NEW: thumbnail: https://getrubixsitecms.blob.core.windows.net/public-assets/content/v1/thumbnails/troubleshooting-profile-failure-custom-policy-syntax-hWJU7_thumbnail.jpg
✅ two-paths-for-user-data-migration.md: updating thumbnail
    OLD: thumbnail: http://images.squarespace-cdn.com/content/v1/5dd365a31aa1fd743bc30b8e/1696257857638-1KA7OFIFIOVJZHLRV4F3/fork.png
    NEW: thumbnail: https://getrubixsitecms.blob.core.windows.net/public-assets/content/v1/thumbnails/two-paths-for-user-data-migration_thumbnail.jpg
✅ update-about-updates.md: updating thumbnail
    OLD: thumbnail: http://images.squarespace-cdn.com/content/v1/5dd365a31aa1fd743bc30b8e/1698360374604-SZDMK194QBNVV2FF182O/image-asset.jpeg/img.jpg
    NEW: thumbnail: https://getrubixsitecms.blob.core.windows.net/public-assets/content/v1/thumbnails/update-about-updates_thumbnail.jpg
✅ updating-win32-app-behavior-via-powershell-and-graph-Q4bSZ.md: updating thumbnail
    OLD: thumbnail: http://images.squarespace-cdn.com/content/v1/5dd365a31aa1fd743bc30b8e/1624539627778-F2NA4OWBC605XSW6HZE1/unsplash-image-Ny0Lt7hLSJ0.jpg
    NEW: thumbnail: https://getrubixsitecms.blob.core.windows.net/public-assets/content/v1/thumbnails/updating-win32-app-behavior-via-powershell-and-graph-Q4bSZ_thumbnail.jpg
✅ weekly-recap-december-1.md: updating thumbnail
    OLD: thumbnail: http://images.squarespace-cdn.com/content/v1/5dd365a31aa1fd743bc30b8e/1701439335494-CEP3OMJ2HLYQ3ISFVQQK/image-asset.jpeg/img.jpg
    NEW: thumbnail: https://getrubixsitecms.blob.core.windows.net/public-assets/content/v1/thumbnails/weekly-recap-december-1_thumbnail.jpg
✅ weekly-recap-december-15.md: updating thumbnail
    OLD: thumbnail: http://images.squarespace-cdn.com/content/v1/5dd365a31aa1fd743bc30b8e/1702646564633-RJBDZG9LA2P27Z7WEXNB/image-asset.jpeg/img.jpg
    NEW: thumbnail: https://getrubixsitecms.blob.core.windows.net/public-assets/content/v1/thumbnails/weekly-recap-december-15_thumbnail.jpg
✅ weekly-recap-december-22.md: updating thumbnail
    OLD: thumbnail: http://images.squarespace-cdn.com/content/v1/5dd365a31aa1fd743bc30b8e/1703261503423-GA3BPBLE3T74PCAKISN4/image-asset.jpeg/img.jpg
    NEW: thumbnail: https://getrubixsitecms.blob.core.windows.net/public-assets/content/v1/thumbnails/weekly-recap-december-22_thumbnail.jpg
✅ weekly-recap-december-29.md: updating thumbnail
    OLD: thumbnail: http://images.squarespace-cdn.com/content/v1/5dd365a31aa1fd743bc30b8e/1703863484866-13N6SS9T5KMPMGE6ZNKZ/image-asset.jpeg/img.jpg
    NEW: thumbnail: https://getrubixsitecms.blob.core.windows.net/public-assets/content/v1/thumbnails/weekly-recap-december-29_thumbnail.jpg
✅ weekly-recap-december-8.md: updating thumbnail
    OLD: thumbnail: http://images.squarespace-cdn.com/content/v1/5dd365a31aa1fd743bc30b8e/1702042107869-6JBIK6UQKRUQTEJOARD7/image-asset.jpeg/img.jpg
    NEW: thumbnail: https://getrubixsitecms.blob.core.windows.net/public-assets/content/v1/thumbnails/weekly-recap-december-8_thumbnail.jpg
✅ weekly-recap-february-2.md: updating thumbnail
    OLD: thumbnail: http://images.squarespace-cdn.com/content/v1/5dd365a31aa1fd743bc30b8e/1706898061903-686Z74NSB7FZVET4Y925/image-asset.jpeg/img.jpg
    NEW: thumbnail: https://getrubixsitecms.blob.core.windows.net/public-assets/content/v1/thumbnails/weekly-recap-february-2_thumbnail.jpg
✅ weekly-recap-february-9.md: updating thumbnail
    OLD: thumbnail: http://images.squarespace-cdn.com/content/v1/5dd365a31aa1fd743bc30b8e/1707493504360-SRWPREM1X31E8M6YWVRY/image-asset.jpeg/img.jpg
    NEW: thumbnail: https://getrubixsitecms.blob.core.windows.net/public-assets/content/v1/thumbnails/weekly-recap-february-9_thumbnail.jpg
✅ weekly-recap-january-12.md: updating thumbnail
    OLD: thumbnail: http://images.squarespace-cdn.com/content/v1/5dd365a31aa1fd743bc30b8e/1705063633349-NJQPFYRAQSFFS1KZDRJP/image-asset.jpeg/img.jpg
    NEW: thumbnail: https://getrubixsitecms.blob.core.windows.net/public-assets/content/v1/thumbnails/weekly-recap-january-12_thumbnail.jpg
✅ weekly-recap-january-19.md: updating thumbnail
    OLD: thumbnail: http://images.squarespace-cdn.com/content/v1/5dd365a31aa1fd743bc30b8e/1705695827788-EUL49LMJMHQK09NADJ57/image-asset.jpeg/img.jpg
    NEW: thumbnail: https://getrubixsitecms.blob.core.windows.net/public-assets/content/v1/thumbnails/weekly-recap-january-19_thumbnail.jpg
✅ weekly-recap-january-26.md: updating thumbnail
    OLD: thumbnail: http://images.squarespace-cdn.com/content/v1/5dd365a31aa1fd743bc30b8e/1706308691999-F9Q1FN1GS4K8UPV2ZDTC/image-asset.jpeg/img.jpg
    NEW: thumbnail: https://getrubixsitecms.blob.core.windows.net/public-assets/content/v1/thumbnails/weekly-recap-january-26_thumbnail.jpg
✅ weekly-recap-january-5.md: updating thumbnail
    OLD: thumbnail: http://images.squarespace-cdn.com/content/v1/5dd365a31aa1fd743bc30b8e/1704460185795-GWICD2J29H5Y0H1LPA4Q/image-asset.jpeg/img.jpg
    NEW: thumbnail: https://getrubixsitecms.blob.core.windows.net/public-assets/content/v1/thumbnails/weekly-recap-january-5_thumbnail.jpg
✅ windows-11-autopilot-enrollment.md: updating thumbnail
    OLD: thumbnail: http://images.squarespace-cdn.com/content/v1/5dd365a31aa1fd743bc30b8e/1650591896117-MQBRNZPF0MMBXWX6ESGO/unsplash-image-8lYMNdL2u2c.jpg
    NEW: thumbnail: https://getrubixsitecms.blob.core.windows.net/public-assets/content/v1/thumbnails/windows-11-autopilot-enrollment_thumbnail.jpg
✅ windows-11-can-we-upgrade-already-3UEP5.md: updating thumbnail
    OLD: thumbnail: http://images.squarespace-cdn.com/content/v1/5dd365a31aa1fd743bc30b8e/1734627754697-BBOHR2QUQ5ZP9U6RXYKX/unsplash-image-OaO6N9VUZYc.jpg
    NEW: thumbnail: https://getrubixsitecms.blob.core.windows.net/public-assets/content/v1/thumbnails/windows-11-can-we-upgrade-already-3UEP5_thumbnail.jpg
✅ windows-365-endpoint-manager-a-deeper-look.md: updating thumbnail
    OLD: thumbnail: http://images.squarespace-cdn.com/content/v1/5dd365a31aa1fd743bc30b8e/1631545883948-T08PMX8LQRPV6NMVUFFT/unsplash-image-yGPxCYPS8H4.jpg
    NEW: thumbnail: https://getrubixsitecms.blob.core.windows.net/public-assets/content/v1/thumbnails/windows-365-endpoint-manager-a-deeper-look_thumbnail.jpg
✅ yes-there-are-gpos-in-intune.md: updating thumbnail
    OLD: thumbnail: http://images.squarespace-cdn.com/content/v1/5dd365a31aa1fd743bc30b8e/1581036935771-CMMJGGUZ33TIR1R8Q61P/image-asset.jpeg/img.jpg
    NEW: thumbnail: https://getrubixsitecms.blob.core.windows.net/public-assets/content/v1/thumbnails/yes-there-are-gpos-in-intune_thumbnail.jpg
