app-answers-yes-intune-can-do-it.md,App answers yes Intune can do it
autopilot-white-glove-what-happens-between-hitting-the-windows-key-5-times-and-getting-to-a-hopefully-green-screen.md,Autopilot White-Glove What happens between hitting the Windows key 5 times
be-gone-chat.md,Be gone chat
complex-dlp-rule-design-is-wellcomplex.md,Complex DLP Rule Design Is WellComplex
entra-password-protection-smarter-security-fewer-pop-tarts.md,Entra Password Protection Smarter Security Fewer Pop-Tarts
getting-started-with-intune-part-7-update-rings-bandwidth-savings-and-the-road-to-windows-11.md,Getting Started with Intune Part 7 Update Rings Bandwidth Savings and the Road
goodbye-vpn-part-1-this-is-private.md,Goodbye VPN Part 1 - This is private
goodbye-vpn-part-2-the-public-access-user-experience.md,Goodbye VPN Part 2 - The public access user experience
group-tags-live.md,Group Tags LIVE
group-tags-part-3.md,Group Tags Part 3
lets-set-up-passkeys-the-easy-secure-way.md,Lets Set Up Passkeys The Easy Secure Way
microsoft-graph-a-beginners-guide-to-apis-endpoints-and-urls.md,Microsoft Graph A Beginners Guide to APIs Endpoints and URLs
ninjas-cloud-pcs-and-security.md,Ninjas Cloud PCs and Security
now-you-see-it-now-you-dont-secure-access-with-entra-id-governance.md,Now You See It Now You Dont Secure Access with Entra ID Governance
onedrive-are-you-there-its-me-mfa-8C50m.md,OneDrive are you there Its me MFA
print-servers-a-simple-on-demand-intunewin-zQYaZ.md,Print servers a simple on-demand intunewin
so-along-kiosk-desktop-icons.md,So long Kiosk desktop icons
template.md,'[TITLE]'
tenant-to-tenant-intune-device-migration-part-2-the-tasks-of-rebooting-and-restoring.md,Tenant to Tenant Intune Device Migration Part 2 The Tasks of Rebooting and
yes-there-are-gpos-in-intune.md,Yes there are GPOs in Intune
